<?xml version="1.0" encoding="UTF-8"?>
<!-- Generated by org.testng.reporters.JUnitReportReporter -->
<testsuite skipped="1" hostname="ip-192-168-0-103.ec2.internal" name="com.automation.testCases.AmazonSearchPageTestCases" tests="3" failures="0" timestamp="11 Apr 2021 15:44:28 GMT" time="12.220" errors="0">
  <testcase name="verifyListingPriceAndAddToCartPrice" time="10.494" classname="com.automation.testCases.AmazonSearchPageTestCases"/>
  <testcase name="verifyListingPriceAndProceedCheckoutAssetPrice" time="1.726" classname="com.automation.testCases.AmazonSearchPageTestCases"/>
  <testcase name="verifyListingPriceAndCheckOutPrice" classname="com.automation.testCases.AmazonSearchPageTestCases">
    <skipped/>
  </testcase> <!-- verifyListingPriceAndCheckOutPrice -->
</testsuite> <!-- com.automation.testCases.AmazonSearchPageTestCases -->
